<?xml version="1.0" encoding="UTF-8"?>
<!-- Generated by org.testng.reporters.JUnitReportReporter -->
<testsuite hostname="N12886" failures="0" tests="3" name="testCases.CartFuncationality" time="131.630" errors="0" timestamp="2024-12-23T12:06:20 IST" skipped="0">
  <testcase classname="testCases.CartFuncationality" name="verifyProductQuantityAndPrice" time="40.841"/>
  <testcase classname="testCases.CartFuncationality" name="ValidateProductAddedToCart" time="35.021"/>
  <testcase classname="testCases.CartFuncationality" name="verifyCartProductQuantity" time="55.768"/>
</testsuite> <!-- testCases.CartFuncationality -->
