<?xml version="1.0" encoding="UTF-8"?>
<!-- Generated by org.testng.reporters.JUnitReportReporter -->
<testsuite hostname="N12886" failures="0" tests="1" name="testCases.CartFuncationality" time="32.193" errors="0" timestamp="2024-12-13T15:44:29 IST" skipped="0">
  <testcase classname="testCases.CartFuncationality" name="verifyProductQuantityAndPrice" time="32.193"/>
</testsuite> <!-- testCases.CartFuncationality -->
