<?xml version="1.0" encoding="UTF-8"?>
<!-- Generated by org.testng.reporters.JUnitReportReporter -->
<testsuite hostname="N12886" failures="0" tests="7" name="testCases.ProductPageFunction" time="192.322" errors="0" timestamp="2024-12-23T12:06:20 IST" skipped="0">
  <testcase classname="testCases.ProductPageFunction" name="verifyClickingProductOpenCorrectly" time="22.512"/>
  <testcase classname="testCases.ProductPageFunction" name="verifyPriceUpdateProduct" time="37.724"/>
  <testcase classname="testCases.ProductPageFunction" name="verifyProductTitleImagePriceDescription" time="19.892"/>
  <testcase classname="testCases.ProductPageFunction" name="verifyMultipleProductImagesViewed" time="31.683"/>
  <testcase classname="testCases.ProductPageFunction" name="verifyUserZoomProductImage" time="26.684"/>
  <testcase classname="testCases.ProductPageFunction" name="verifyProductSpecifications" time="20.934"/>
  <testcase classname="testCases.ProductPageFunction" name="validateAddToCartBtn" time="32.893"/>
</testsuite> <!-- testCases.ProductPageFunction -->
