<?xml version="1.0" encoding="UTF-8"?>
<!-- Generated by org.testng.reporters.JUnitReportReporter -->
<testsuite hostname="N12886" failures="0" tests="1" name="testCases.Excel" time="1.512" errors="0" timestamp="2024-12-17T20:23:18 IST" skipped="0">
  <testcase classname="testCases.Excel" name="excelData" time="1.512"/>
</testsuite> <!-- testCases.Excel -->
